<?xml version="1.0" encoding="UTF-8"?>
<testng-results skipped="0" failed="0" ignored="0" total="1" passed="1">
  <reporter-output>
  </reporter-output>
  <suite name="Default suite" duration-ms="41263" started-at="2021-10-15T18:27:41 IST" finished-at="2021-10-15T18:28:23 IST">
    <groups>
    </groups>
    <test name="Default test" duration-ms="41263" started-at="2021-10-15T18:27:41 IST" finished-at="2021-10-15T18:28:23 IST">
      <class name="mvntst.mvnj.qchTest">
        <test-method status="PASS" signature="enter()[pri:0, instance:mvntst.mvnj.qchTest@1877ab81]" name="enter" duration-ms="41236" started-at="2021-10-15T18:27:41 IST" finished-at="2021-10-15T18:28:23 IST">
          <reporter-output>
          </reporter-output>
        </test-method> <!-- enter -->
      </class> <!-- mvntst.mvnj.qchTest -->
    </test> <!-- Default test -->
  </suite> <!-- Default suite -->
</testng-results>
